<?xml version="1.0" encoding="UTF-8" ?>
<testsuite errors="0" failures="0" hostname="CHIP420" name="bananas.RepeatNumberTest" skipped="0" tests="1" time="0.151" timestamp="2014-06-10T02:04:51">
  <properties>
    <property name="java.vendor" value="Oracle Corporation" />
    <property name="lib.dir" value="lib" />
    <property name="sun.java.launcher" value="SUN_STANDARD" />
    <property name="sun.management.compiler" value="HotSpot 64-Bit Tiered Compilers" />
    <property name="os.name" value="Windows 7" />
    <property name="sun.boot.class.path" value="C:\Program Files\Java\jdk1.8.0_05\jre\lib\resources.jar;C:\Program Files\Java\jdk1.8.0_05\jre\lib\rt.jar;C:\Program Files\Java\jdk1.8.0_05\jre\lib\sunrsasign.jar;C:\Program Files\Java\jdk1.8.0_05\jre\lib\jsse.jar;C:\Program Files\Java\jdk1.8.0_05\jre\lib\jce.jar;C:\Program Files\Java\jdk1.8.0_05\jre\lib\charsets.jar;C:\Program Files\Java\jdk1.8.0_05\jre\lib\jfr.jar;C:\Program Files\Java\jdk1.8.0_05\jre\classes" />
    <property name="sun.desktop" value="windows" />
    <property name="java.vm.specification.vendor" value="Oracle Corporation" />
    <property name="ant.home" value="C:\Users\Jen\AppData\Roaming\apache-ant-1.9.4" />
    <property name="java.runtime.version" value="1.8.0_05-b13" />
    <property name="user.name" value="Jen" />
    <property name="build.dir" value="build" />
    <property name="user.language" value="en" />
    <property name="sun.boot.library.path" value="C:\Program Files\Java\jdk1.8.0_05\jre\bin" />
    <property name="ant.project.default-target" value="all" />
    <property name="ant.project.name" value="have-no-bananas" />
    <property name="java.version" value="1.8.0_05" />
    <property name="user.timezone" value="America/New_York" />
    <property name="mockito" value="lib/mockito" />
    <property name="sun.arch.data.model" value="64" />
    <property name="java.endorsed.dirs" value="C:\Program Files\Java\jdk1.8.0_05\jre\lib\endorsed" />
    <property name="sun.cpu.isalist" value="amd64" />
    <property name="sun.jnu.encoding" value="Cp1252" />
    <property name="file.encoding.pkg" value="sun.io" />
    <property name="file.separator" value="\" />
    <property name="java.specification.name" value="Java Platform API Specification" />
    <property name="classes.dir" value="build\classes" />
    <property name="java.class.version" value="52.0" />
    <property name="user.country" value="US" />
    <property name="java.home" value="C:\Program Files\Java\jdk1.8.0_05\jre" />
    <property name="java.vm.info" value="mixed mode" />
    <property name="ant.file" value="C:\Users\Jen\Documents\GitHub\have-no-bananas\build.xml" />
    <property name="os.version" value="6.1" />
    <property name="path.separator" value=";" />
    <property name="java.vm.version" value="25.5-b02" />
    <property name="report.dir" value="build\report" />
    <property name="user.variant" value="" />
    <property name="ant.library.dir" value="C:\Users\Jen\AppData\Roaming\apache-ant-1.9.4\lib" />
    <property name="ant.file.have-no-bananas" value="C:\Users\Jen\Documents\GitHub\have-no-bananas\build.xml" />
    <property name="java.awt.printerjob" value="sun.awt.windows.WPrinterJob" />
    <property name="sun.io.unicode.encoding" value="UnicodeLittle" />
    <property name="src-test.dir" value="src\test\java" />
    <property name="awt.toolkit" value="sun.awt.windows.WToolkit" />
    <property name="sun.stdout.encoding" value="cp437" />
    <property name="user.script" value="" />
    <property name="user.home" value="C:\Users\Jen" />
    <property name="java.specification.vendor" value="Oracle Corporation" />
    <property name="java.library.path" value="C:\Program Files\Java\jdk1.8.0_05\jre\bin;C:\Windows\Sun\Java\bin;C:\Windows\system32;C:\Windows;C:\Program Files\Common Files\Microsoft Shared\Windows Live;C:\Program Files (x86)\Common Files\Microsoft Shared\Windows Live;C:\Windows\system32;C:\Windows;C:\Windows\System32\Wbem;C:\Windows\System32\WindowsPowerShell\v1.0\;C:\Program Files\Intel\WiFi\bin\;C:\Program Files\Common Files\Intel\WirelessCommon\;C:\Program Files (x86)\Common Files\Ulead Systems\MPEG;C:\Program Files\Common Files\Lenovo;C:\Program Files (x86)\Windows Live\Shared;C:\SWTOOLS\ReadyApps;C:\Program Files (x86)\Intel\Services\IPT\;C:\Program Files (x86)\Symantec\VIP Access Client\;C:\Program Files (x86)\Common Files\Lenovo;%ANT_HOME%\bin;." />
    <property name="java.vendor.url" value="http://java.oracle.com/" />
    <property name="java.vm.vendor" value="Oracle Corporation" />
    <property name="java.runtime.name" value="Java(TM) SE Runtime Environment" />
    <property name="sun.java.command" value="org.apache.tools.ant.taskdefs.optional.junit.JUnitTestRunner bananas.RepeatNumberTest skipNonTests=false filtertrace=true haltOnError=false haltOnFailure=false formatter=org.apache.tools.ant.taskdefs.optional.junit.SummaryJUnitResultFormatter showoutput=true outputtoformatters=true logfailedtests=true threadid=0 logtestlistenerevents=false formatter=org.apache.tools.ant.taskdefs.optional.junit.XMLJUnitResultFormatter,C:\Users\Jen\Documents\GitHub\have-no-bananas\build\report\TEST-bananas.RepeatNumberTest.xml crashfile=C:\Users\Jen\Documents\GitHub\have-no-bananas\junitvmwatcher6495608055531053004.properties propsfile=C:\Users\Jen\Documents\GitHub\have-no-bananas\junit4586515700345034933.properties" />
    <property name="java.class.path" value="C:\Users\Jen\Documents\GitHub\have-no-bananas\build\classes;C:\Users\Jen\Documents\GitHub\have-no-bananas\lib\junit-4.11-SNAPSHOT-20120416-1530.jar;C:\Users\Jen\Documents\GitHub\have-no-bananas\lib\mockito\mockito-all-1.9.5-sources.jar;C:\Users\Jen\Documents\GitHub\have-no-bananas\lib\mockito\mockito-all-1.9.5.jar;C:\Users\Jen\Documents\GitHub\have-no-bananas\lib\mockito\mockito-core-1.9.5-sources.jar;C:\Users\Jen\AppData\Roaming\apache-ant-1.9.4\lib\junit-4.11.jar;C:\Users\Jen\AppData\Roaming\apache-ant-1.9.4\lib\ant-launcher.jar;C:\Users\Jen\AppData\Roaming\apache-ant-1.9.4\lib\ant.jar;C:\Users\Jen\AppData\Roaming\apache-ant-1.9.4\lib\ant-junit.jar;C:\Users\Jen\AppData\Roaming\apache-ant-1.9.4\lib\ant-junit4.jar" />
    <property name="ant.version" value="Apache Ant(TM) version 1.9.4 compiled on April 29 2014" />
    <property name="java.vm.specification.name" value="Java Virtual Machine Specification" />
    <property name="ant.file.type" value="file" />
    <property name="java.vm.specification.version" value="1.8" />
    <property name="sun.cpu.endian" value="little" />
    <property name="sun.os.patch.level" value="Service Pack 1" />
    <property name="java.io.tmpdir" value="C:\Users\Jen\AppData\Local\Temp\" />
    <property name="java.vendor.url.bug" value="http://bugreport.sun.com/bugreport/" />
    <property name="os.arch" value="amd64" />
    <property name="java.awt.graphicsenv" value="sun.awt.Win32GraphicsEnvironment" />
    <property name="java.ext.dirs" value="C:\Program Files\Java\jdk1.8.0_05\jre\lib\ext;C:\Windows\Sun\Java\lib\ext" />
    <property name="ant.file.type.have-no-bananas" value="file" />
    <property name="user.dir" value="C:\Users\Jen\Documents\GitHub\have-no-bananas" />
    <property name="line.separator" value="&#xd;&#xa;" />
    <property name="java.vm.name" value="Java HotSpot(TM) 64-Bit Server VM" />
    <property name="basedir" value="C:\Users\Jen\Documents\GitHub\have-no-bananas" />
    <property name="ant.java.version" value="1.8" />
    <property name="ant.core.lib" value="C:\Users\Jen\AppData\Roaming\apache-ant-1.9.4\lib\ant.jar" />
    <property name="file.encoding" value="Cp1252" />
    <property name="sun.stderr.encoding" value="cp437" />
    <property name="java.specification.version" value="1.8" />
    <property name="src.dir" value="src\main\java" />
    <property name="ant.project.invoked-targets" value="all" />
  </properties>
  <testcase classname="bananas.RepeatNumberTest" name="testGiveFirst" time="0.003" />
  <system-out><![CDATA[]]></system-out>
  <system-err><![CDATA[]]></system-err>
</testsuite>
